[1/9] Performing build step for 'bootloader'
[1/1] cd /home/martin/espm/spot/managed_components/espressif__esp_websocket_client/examples/target/build/bootloader/esp-idf/esptool_py && /home/martin/.espressif/python_env/idf5.2_py3.8_env/bin/python /home/martin/espm/esp-idf/components/partition_table/check_sizes.py --offset 0x8000 bootloader 0x1000 /home/martin/espm/spot/managed_components/espressif__esp_websocket_client/examples/target/build/bootloader/bootloader.bin
Bootloader binary size 0x68d0 bytes. 0x730 bytes (6%) free.
[2/7] Building C object esp-idf/mbedtls/mbedtls/library/CMakeFiles/mbedx509.dir/x509_crt.c.obj
FAILED: esp-idf/mbedtls/mbedtls/library/CMakeFiles/mbedx509.dir/x509_crt.c.obj 
/home/martin/.espressif/tools/xtensa-esp32-elf/esp-12.2.0_20230208/xtensa-esp32-elf/bin/xtensa-esp32-elf-gcc -DESP_PLATFORM -DIDF_VER=\"v5.2-dev-1805-g9a1cc59338-dirty\" -DMBEDTLS_CONFIG_FILE=\"mbedtls/esp_config.h\" -DSOC_MMU_PAGE_SIZE=CONFIG_MMU_PAGE_SIZE -DSOC_XTAL_FREQ_MHZ=CONFIG_XTAL_FREQ -D_GLIBCXX_HAVE_POSIX_SEMAPHORE -D_GLIBCXX_USE_POSIX_SEMAPHORE -D_GNU_SOURCE -D_POSIX_READER_WRITER_LOCKS -Iconfig -I/home/martin/espm/esp-idf/components/mbedtls/port/include -I/home/martin/espm/esp-idf/components/mbedtls/mbedtls/include -I/home/martin/espm/esp-idf/components/mbedtls/mbedtls/library -I/home/martin/espm/esp-idf/components/newlib/platform_include -I/home/martin/espm/esp-idf/components/freertos/config/include -I/home/martin/espm/esp-idf/components/freertos/config/include/freertos -I/home/martin/espm/esp-idf/components/freertos/config/xtensa/include -I/home/martin/espm/esp-idf/components/freertos/FreeRTOS-Kernel/include -I/home/martin/espm/esp-idf/components/freertos/FreeRTOS-Kernel/portable/xtensa/include -I/home/martin/espm/esp-idf/components/freertos/FreeRTOS-Kernel/portable/xtensa/include/freertos -I/home/martin/espm/esp-idf/components/freertos/esp_additions/include -I/home/martin/espm/esp-idf/components/esp_hw_support/include -I/home/martin/espm/esp-idf/components/esp_hw_support/include/soc -I/home/martin/espm/esp-idf/components/esp_hw_support/include/soc/esp32 -I/home/martin/espm/esp-idf/components/esp_hw_support/port/esp32/. -I/home/martin/espm/esp-idf/components/esp_hw_support/port/esp32/private_include -I/home/martin/espm/esp-idf/components/heap/include -I/home/martin/espm/esp-idf/components/log/include -I/home/martin/espm/esp-idf/components/soc/include -I/home/martin/espm/esp-idf/components/soc/esp32 -I/home/martin/espm/esp-idf/components/soc/esp32/include -I/home/martin/espm/esp-idf/components/hal/esp32/include -I/home/martin/espm/esp-idf/components/hal/include -I/home/martin/espm/esp-idf/components/hal/platform_port/include -I/home/martin/espm/esp-idf/components/esp_rom/include -I/home/martin/espm/esp-idf/components/esp_rom/include/esp32 -I/home/martin/espm/esp-idf/components/esp_rom/esp32 -I/home/martin/espm/esp-idf/components/esp_common/include -I/home/martin/espm/esp-idf/components/esp_system/include -I/home/martin/espm/esp-idf/components/esp_system/port/soc -I/home/martin/espm/esp-idf/components/esp_system/port/include/private -I/home/martin/espm/esp-idf/components/xtensa/esp32/include -I/home/martin/espm/esp-idf/components/xtensa/include -I/home/martin/espm/esp-idf/components/xtensa/deprecated_include -I/home/martin/espm/esp-idf/components/lwip/include -I/home/martin/espm/esp-idf/components/lwip/include/apps -I/home/martin/espm/esp-idf/components/lwip/include/apps/sntp -I/home/martin/espm/esp-idf/components/lwip/lwip/src/include -I/home/martin/espm/esp-idf/components/lwip/port/include -I/home/martin/espm/esp-idf/components/lwip/port/freertos/include -I/home/martin/espm/esp-idf/components/lwip/port/esp32xx/include -I/home/martin/espm/esp-idf/components/lwip/port/esp32xx/include/arch -I/home/martin/espm/esp-idf/components/lwip/port/esp32xx/include/sys -mlongcalls -Wno-frame-address  -Wall -Wextra -Wwrite-strings -Wformat=2 -Wno-format-nonliteral -Wvla -Wlogical-op -Wshadow -Wformat-signedness -Wformat-overflow=2 -Wformat-truncation -Werror -Wmissing-declarations -Wmissing-prototypes   -ffunction-sections -fdata-sections -Wall -Werror=all -Wno-error=unused-function -Wno-error=unused-variable -Wno-error=unused-but-set-variable -Wno-error=deprecated-declarations -Wextra -Wno-unused-parameter -Wno-sign-compare -Wno-enum-conversion -gdwarf-4 -ggdb -Og -fmacro-prefix-map=/home/martin/espm/spot/managed_components/espressif__esp_websocket_client/examples/target=. -fmacro-prefix-map=/home/martin/espm/esp-idf=/IDF -fstrict-volatile-bitfields -fno-jump-tables -fno-tree-switch-conversion -std=gnu17 -Wno-old-style-declaration -MD -MT esp-idf/mbedtls/mbedtls/library/CMakeFiles/mbedx509.dir/x509_crt.c.obj -MF esp-idf/mbedtls/mbedtls/library/CMakeFiles/mbedx509.dir/x509_crt.c.obj.d -o esp-idf/mbedtls/mbedtls/library/CMakeFiles/mbedx509.dir/x509_crt.c.obj   -c /home/martin/espm/esp-idf/components/mbedtls/mbedtls/library/x509_crt.c
/home/martin/espm/esp-idf/components/mbedtls/mbedtls/library/x509_crt.c: In function 'x509_crt_merge_flags_with_cb':
/home/martin/espm/esp-idf/components/mbedtls/mbedtls/library/x509_crt.c:2616:9: error: 'cur_flags' is used uninitialized [-Werror=uninitialized]
 2616 |         printf ("x509_crt_merge_flags_with_cb() ver_chain->len = %d cur_flags %ld\n",(int)ver_chain->len,(long int)cur_flags);
      |         ^~~~~~~~~~~~~~~~~~~~~~~~~~~~~~~~~~~~~~~~~~~~~~~~~~~~~~~~~~~~~~~~~~~~~~~~~~~~~~~~~~~~~~~~~~~~~~~~~~~~~~~~~~~~~~~~~~~~~
/home/martin/espm/esp-idf/components/mbedtls/mbedtls/library/x509_crt.c:2613:14: note: 'cur_flags' declared here
 2613 |     uint32_t cur_flags;
      |              ^~~~~~~~~
/home/martin/espm/esp-idf/components/mbedtls/mbedtls/library/x509_crt.c:2620:47: error: 'cur' may be used uninitialized [-Werror=maybe-uninitialized]
 2620 |                 printf ("cur->flags %lx\n",cur->flags);
      |                                            ~~~^~~~~~~
/home/martin/espm/esp-idf/components/mbedtls/mbedtls/library/x509_crt.c:2614:47: note: 'cur' was declared here
 2614 |     const mbedtls_x509_crt_verify_chain_item *cur;
      |                                               ^~~
cc1: all warnings being treated as errors
ninja: build stopped: subcommand failed.
